Started GET "/" for 127.0.0.1 at 2018-10-05 14:07:41 -0700

PG::ConnectionBad - could not connect to server: No such file or directory
	Is the server running locally and accepting
	connections on Unix domain socket "/tmp/.s.PGSQL.5432"?
:

Started POST "/__better_errors/b1787000565ff957/variables" for 127.0.0.1 at 2018-10-05 14:07:45 -0700
Started GET "/" for 127.0.0.1 at 2018-10-05 14:07:51 -0700

PG::ConnectionBad - could not connect to server: No such file or directory
	Is the server running locally and accepting
	connections on Unix domain socket "/tmp/.s.PGSQL.5432"?
:

Started POST "/__better_errors/73c92cbbffa0e519/variables" for 127.0.0.1 at 2018-10-05 14:07:51 -0700
Started GET "/" for 127.0.0.1 at 2018-10-05 14:08:32 -0700

PG::ConnectionBad - could not connect to server: No such file or directory
	Is the server running locally and accepting
	connections on Unix domain socket "/tmp/.s.PGSQL.5432"?
:

Started POST "/__better_errors/faefd63684b69286/variables" for 127.0.0.1 at 2018-10-05 14:08:33 -0700
Started GET "/" for 127.0.0.1 at 2018-10-05 14:08:42 -0700

PG::ConnectionBad - could not connect to server: No such file or directory
	Is the server running locally and accepting
	connections on Unix domain socket "/tmp/.s.PGSQL.5432"?
:

Started POST "/__better_errors/4e700be75f399c84/variables" for 127.0.0.1 at 2018-10-05 14:08:42 -0700
Started GET "/" for 127.0.0.1 at 2018-10-05 14:09:12 -0700

PG::ConnectionBad - FATAL:  database "ConcreteMat_development" does not exist
:

Started POST "/__better_errors/2a9c9c4f5ece562d/variables" for 127.0.0.1 at 2018-10-05 14:09:12 -0700
Started GET "/" for 127.0.0.1 at 2018-10-05 14:09:34 -0700

PG::ConnectionBad - FATAL:  database "ConcreteMat_development" does not exist
:

Started POST "/__better_errors/01e036cff2ddebac/variables" for 127.0.0.1 at 2018-10-05 14:09:35 -0700
  [1m[35m (656.5ms)[0m  [1m[35mCREATE DATABASE "ConcreteMat_development" ENCODING = 'unicode'[0m
  ↳ bin/rails:9
  [1m[35m (358.9ms)[0m  [1m[35mCREATE DATABASE "ConcreteMat_test" ENCODING = 'unicode'[0m
  ↳ bin/rails:9
Started GET "/" for 127.0.0.1 at 2018-10-05 14:10:16 -0700

NameError - uninitialized constant StaticPagesController:

Started POST "/__better_errors/a8bc7c89f12a941b/variables" for 127.0.0.1 at 2018-10-05 14:10:16 -0700
Started GET "/" for 127.0.0.1 at 2018-10-05 14:10:20 -0700

NameError - uninitialized constant StaticPagesController:

Started POST "/__better_errors/533488e3fac8a399/variables" for 127.0.0.1 at 2018-10-05 14:10:20 -0700
Started GET "/" for 127.0.0.1 at 2018-10-05 14:12:37 -0700

NameError - uninitialized constant StaticPagesController:

Started POST "/__better_errors/be9e020487314575/variables" for 127.0.0.1 at 2018-10-05 14:12:37 -0700
Started GET "/" for 127.0.0.1 at 2018-10-05 14:12:43 -0700

NameError - uninitialized constant StaticPagesController:

Started POST "/__better_errors/82c21d0971f53729/variables" for 127.0.0.1 at 2018-10-05 14:12:43 -0700
Started GET "/" for 127.0.0.1 at 2018-10-05 14:14:29 -0700
Processing by StaticPagesController#root as HTML
  Rendering static_pages/root.html within layouts/application
  Rendered static_pages/root.html within layouts/application (3.0ms)
Completed 200 OK in 1927ms (Views: 1924.5ms | ActiveRecord: 0.0ms)


Started GET "/" for 127.0.0.1 at 2018-10-05 14:15:52 -0700
Processing by StaticPagesController#root as HTML
  Rendering static_pages/root.html within layouts/application
  Rendered static_pages/root.html within layouts/application (0.6ms)
Completed 200 OK in 127ms (Views: 123.9ms | ActiveRecord: 0.0ms)


Started GET "/" for 127.0.0.1 at 2018-10-05 14:17:06 -0700
Processing by StaticPagesController#root as HTML
  Rendering static_pages/root.html within layouts/application
  Rendered static_pages/root.html within layouts/application (0.5ms)
Completed 200 OK in 43ms (Views: 39.2ms | ActiveRecord: 0.0ms)


Started GET "/bundle.js" for 127.0.0.1 at 2018-10-05 14:17:06 -0700
  
ActionController::RoutingError (No route matches [GET] "/bundle.js"):
  
actionpack (5.2.1) lib/action_dispatch/middleware/debug_exceptions.rb:65:in `call'
web-console (3.7.0) lib/web_console/middleware.rb:135:in `call_app'
web-console (3.7.0) lib/web_console/middleware.rb:30:in `block in call'
web-console (3.7.0) lib/web_console/middleware.rb:20:in `catch'
web-console (3.7.0) lib/web_console/middleware.rb:20:in `call'
actionpack (5.2.1) lib/action_dispatch/middleware/show_exceptions.rb:33:in `call'
railties (5.2.1) lib/rails/rack/logger.rb:38:in `call_app'
railties (5.2.1) lib/rails/rack/logger.rb:26:in `block in call'
activesupport (5.2.1) lib/active_support/tagged_logging.rb:71:in `block in tagged'
activesupport (5.2.1) lib/active_support/tagged_logging.rb:28:in `tagged'
activesupport (5.2.1) lib/active_support/tagged_logging.rb:71:in `tagged'
railties (5.2.1) lib/rails/rack/logger.rb:26:in `call'
sprockets-rails (3.2.1) lib/sprockets/rails/quiet_assets.rb:13:in `call'
actionpack (5.2.1) lib/action_dispatch/middleware/remote_ip.rb:81:in `call'
actionpack (5.2.1) lib/action_dispatch/middleware/request_id.rb:27:in `call'
rack (2.0.5) lib/rack/method_override.rb:22:in `call'
rack (2.0.5) lib/rack/runtime.rb:22:in `call'
activesupport (5.2.1) lib/active_support/cache/strategy/local_cache_middleware.rb:29:in `call'
actionpack (5.2.1) lib/action_dispatch/middleware/executor.rb:14:in `call'
actionpack (5.2.1) lib/action_dispatch/middleware/static.rb:127:in `call'
rack (2.0.5) lib/rack/sendfile.rb:111:in `call'
railties (5.2.1) lib/rails/engine.rb:524:in `call'
puma (3.12.0) lib/puma/configuration.rb:225:in `call'
puma (3.12.0) lib/puma/server.rb:658:in `handle_request'
puma (3.12.0) lib/puma/server.rb:472:in `process_client'
puma (3.12.0) lib/puma/server.rb:332:in `block in run'
puma (3.12.0) lib/puma/thread_pool.rb:133:in `block in spawn_thread'
Started GET "/" for 127.0.0.1 at 2018-10-05 14:17:34 -0700
Processing by StaticPagesController#root as HTML
  Rendering static_pages/root.html within layouts/application
  Rendered static_pages/root.html within layouts/application (0.3ms)
Completed 200 OK in 42ms (Views: 39.3ms | ActiveRecord: 0.0ms)


Started GET "/bundle.js" for 127.0.0.1 at 2018-10-05 14:17:34 -0700
  
ActionController::RoutingError (No route matches [GET] "/bundle.js"):
  
actionpack (5.2.1) lib/action_dispatch/middleware/debug_exceptions.rb:65:in `call'
web-console (3.7.0) lib/web_console/middleware.rb:135:in `call_app'
web-console (3.7.0) lib/web_console/middleware.rb:30:in `block in call'
web-console (3.7.0) lib/web_console/middleware.rb:20:in `catch'
web-console (3.7.0) lib/web_console/middleware.rb:20:in `call'
actionpack (5.2.1) lib/action_dispatch/middleware/show_exceptions.rb:33:in `call'
railties (5.2.1) lib/rails/rack/logger.rb:38:in `call_app'
railties (5.2.1) lib/rails/rack/logger.rb:26:in `block in call'
activesupport (5.2.1) lib/active_support/tagged_logging.rb:71:in `block in tagged'
activesupport (5.2.1) lib/active_support/tagged_logging.rb:28:in `tagged'
activesupport (5.2.1) lib/active_support/tagged_logging.rb:71:in `tagged'
railties (5.2.1) lib/rails/rack/logger.rb:26:in `call'
sprockets-rails (3.2.1) lib/sprockets/rails/quiet_assets.rb:13:in `call'
actionpack (5.2.1) lib/action_dispatch/middleware/remote_ip.rb:81:in `call'
actionpack (5.2.1) lib/action_dispatch/middleware/request_id.rb:27:in `call'
rack (2.0.5) lib/rack/method_override.rb:22:in `call'
rack (2.0.5) lib/rack/runtime.rb:22:in `call'
activesupport (5.2.1) lib/active_support/cache/strategy/local_cache_middleware.rb:29:in `call'
actionpack (5.2.1) lib/action_dispatch/middleware/executor.rb:14:in `call'
actionpack (5.2.1) lib/action_dispatch/middleware/static.rb:127:in `call'
rack (2.0.5) lib/rack/sendfile.rb:111:in `call'
railties (5.2.1) lib/rails/engine.rb:524:in `call'
puma (3.12.0) lib/puma/configuration.rb:225:in `call'
puma (3.12.0) lib/puma/server.rb:658:in `handle_request'
puma (3.12.0) lib/puma/server.rb:472:in `process_client'
puma (3.12.0) lib/puma/server.rb:332:in `block in run'
puma (3.12.0) lib/puma/thread_pool.rb:133:in `block in spawn_thread'
Started GET "/" for 127.0.0.1 at 2018-10-05 14:17:41 -0700
Processing by StaticPagesController#root as HTML
  Rendering static_pages/root.html within layouts/application
  Rendered static_pages/root.html within layouts/application (0.4ms)
Completed 200 OK in 28ms (Views: 25.8ms | ActiveRecord: 0.0ms)


Started GET "/bundle.js" for 127.0.0.1 at 2018-10-05 14:17:41 -0700
  
ActionController::RoutingError (No route matches [GET] "/bundle.js"):
  
actionpack (5.2.1) lib/action_dispatch/middleware/debug_exceptions.rb:65:in `call'
web-console (3.7.0) lib/web_console/middleware.rb:135:in `call_app'
web-console (3.7.0) lib/web_console/middleware.rb:30:in `block in call'
web-console (3.7.0) lib/web_console/middleware.rb:20:in `catch'
web-console (3.7.0) lib/web_console/middleware.rb:20:in `call'
actionpack (5.2.1) lib/action_dispatch/middleware/show_exceptions.rb:33:in `call'
railties (5.2.1) lib/rails/rack/logger.rb:38:in `call_app'
railties (5.2.1) lib/rails/rack/logger.rb:26:in `block in call'
activesupport (5.2.1) lib/active_support/tagged_logging.rb:71:in `block in tagged'
activesupport (5.2.1) lib/active_support/tagged_logging.rb:28:in `tagged'
activesupport (5.2.1) lib/active_support/tagged_logging.rb:71:in `tagged'
railties (5.2.1) lib/rails/rack/logger.rb:26:in `call'
sprockets-rails (3.2.1) lib/sprockets/rails/quiet_assets.rb:13:in `call'
actionpack (5.2.1) lib/action_dispatch/middleware/remote_ip.rb:81:in `call'
actionpack (5.2.1) lib/action_dispatch/middleware/request_id.rb:27:in `call'
rack (2.0.5) lib/rack/method_override.rb:22:in `call'
rack (2.0.5) lib/rack/runtime.rb:22:in `call'
activesupport (5.2.1) lib/active_support/cache/strategy/local_cache_middleware.rb:29:in `call'
actionpack (5.2.1) lib/action_dispatch/middleware/executor.rb:14:in `call'
actionpack (5.2.1) lib/action_dispatch/middleware/static.rb:127:in `call'
rack (2.0.5) lib/rack/sendfile.rb:111:in `call'
railties (5.2.1) lib/rails/engine.rb:524:in `call'
puma (3.12.0) lib/puma/configuration.rb:225:in `call'
puma (3.12.0) lib/puma/server.rb:658:in `handle_request'
puma (3.12.0) lib/puma/server.rb:472:in `process_client'
puma (3.12.0) lib/puma/server.rb:332:in `block in run'
puma (3.12.0) lib/puma/thread_pool.rb:133:in `block in spawn_thread'
Started GET "/" for 127.0.0.1 at 2018-10-05 14:17:46 -0700
Processing by StaticPagesController#root as HTML
  Rendering static_pages/root.html within layouts/application
  Rendered static_pages/root.html within layouts/application (0.4ms)
Completed 200 OK in 31ms (Views: 27.7ms | ActiveRecord: 0.0ms)


Started GET "/bundle.js" for 127.0.0.1 at 2018-10-05 14:17:46 -0700
  
ActionController::RoutingError (No route matches [GET] "/bundle.js"):
  
actionpack (5.2.1) lib/action_dispatch/middleware/debug_exceptions.rb:65:in `call'
web-console (3.7.0) lib/web_console/middleware.rb:135:in `call_app'
web-console (3.7.0) lib/web_console/middleware.rb:30:in `block in call'
web-console (3.7.0) lib/web_console/middleware.rb:20:in `catch'
web-console (3.7.0) lib/web_console/middleware.rb:20:in `call'
actionpack (5.2.1) lib/action_dispatch/middleware/show_exceptions.rb:33:in `call'
railties (5.2.1) lib/rails/rack/logger.rb:38:in `call_app'
railties (5.2.1) lib/rails/rack/logger.rb:26:in `block in call'
activesupport (5.2.1) lib/active_support/tagged_logging.rb:71:in `block in tagged'
activesupport (5.2.1) lib/active_support/tagged_logging.rb:28:in `tagged'
activesupport (5.2.1) lib/active_support/tagged_logging.rb:71:in `tagged'
railties (5.2.1) lib/rails/rack/logger.rb:26:in `call'
sprockets-rails (3.2.1) lib/sprockets/rails/quiet_assets.rb:13:in `call'
actionpack (5.2.1) lib/action_dispatch/middleware/remote_ip.rb:81:in `call'
actionpack (5.2.1) lib/action_dispatch/middleware/request_id.rb:27:in `call'
rack (2.0.5) lib/rack/method_override.rb:22:in `call'
rack (2.0.5) lib/rack/runtime.rb:22:in `call'
activesupport (5.2.1) lib/active_support/cache/strategy/local_cache_middleware.rb:29:in `call'
actionpack (5.2.1) lib/action_dispatch/middleware/executor.rb:14:in `call'
actionpack (5.2.1) lib/action_dispatch/middleware/static.rb:127:in `call'
rack (2.0.5) lib/rack/sendfile.rb:111:in `call'
railties (5.2.1) lib/rails/engine.rb:524:in `call'
puma (3.12.0) lib/puma/configuration.rb:225:in `call'
puma (3.12.0) lib/puma/server.rb:658:in `handle_request'
puma (3.12.0) lib/puma/server.rb:472:in `process_client'
puma (3.12.0) lib/puma/server.rb:332:in `block in run'
puma (3.12.0) lib/puma/thread_pool.rb:133:in `block in spawn_thread'
Started GET "/" for 127.0.0.1 at 2018-10-05 14:21:41 -0700
Processing by StaticPagesController#root as HTML
  Rendering static_pages/root.html within layouts/application
  Rendered static_pages/root.html within layouts/application (1.5ms)
Completed 200 OK in 2024ms (Views: 2003.3ms | ActiveRecord: 0.0ms)


  [1m[35m (369.4ms)[0m  [1m[35mCREATE TABLE "schema_migrations" ("version" character varying NOT NULL PRIMARY KEY)[0m
  ↳ bin/rails:9
  [1m[35m (57.0ms)[0m  [1m[35mCREATE TABLE "ar_internal_metadata" ("key" character varying NOT NULL PRIMARY KEY, "value" character varying, "created_at" timestamp NOT NULL, "updated_at" timestamp NOT NULL)[0m
  ↳ bin/rails:9
  [1m[35m (32.4ms)[0m  [1m[34mSELECT pg_try_advisory_lock(2642650998229406325)[0m
  ↳ bin/rails:9
  [1m[35m (18.3ms)[0m  [1m[34mSELECT "schema_migrations"."version" FROM "schema_migrations" ORDER BY "schema_migrations"."version" ASC[0m
  ↳ bin/rails:9
Migrating to CreateUsers (20181005212435)
  [1m[35m (0.3ms)[0m  [1m[35mBEGIN[0m
  ↳ bin/rails:9
  [1m[35m (115.3ms)[0m  [1m[35mCREATE TABLE "users" ("id" bigserial primary key, "username" character varying NOT NULL, "password_digest" character varying NOT NULL, "session_token" character varying NOT NULL, "email" character varying NOT NULL, "created_at" timestamp NOT NULL, "updated_at" timestamp NOT NULL)[0m
  ↳ db/migrate/20181005212435_create_users.rb:3
  [1m[35m (5.0ms)[0m  [1m[35mCREATE  INDEX  "index_users_on_session_token" ON "users"  ("session_token")[0m
  ↳ db/migrate/20181005212435_create_users.rb:11
  [1m[35m (1.6ms)[0m  [1m[35mCREATE UNIQUE INDEX  "index_users_on_username" ON "users"  ("username")[0m
  ↳ db/migrate/20181005212435_create_users.rb:12
  [1m[36mActiveRecord::SchemaMigration Create (37.4ms)[0m  [1m[32mINSERT INTO "schema_migrations" ("version") VALUES ($1) RETURNING "version"[0m  [["version", "20181005212435"]]
  ↳ bin/rails:9
  [1m[35m (1.0ms)[0m  [1m[35mCOMMIT[0m
  ↳ bin/rails:9
  [1m[36mActiveRecord::InternalMetadata Load (13.6ms)[0m  [1m[34mSELECT  "ar_internal_metadata".* FROM "ar_internal_metadata" WHERE "ar_internal_metadata"."key" = $1 LIMIT $2[0m  [["key", "environment"], ["LIMIT", 1]]
  ↳ bin/rails:9
  [1m[35m (0.3ms)[0m  [1m[35mBEGIN[0m
  ↳ bin/rails:9
  [1m[36mActiveRecord::InternalMetadata Create (29.2ms)[0m  [1m[32mINSERT INTO "ar_internal_metadata" ("key", "value", "created_at", "updated_at") VALUES ($1, $2, $3, $4) RETURNING "key"[0m  [["key", "environment"], ["value", "development"], ["created_at", "2018-10-05 21:26:33.865869"], ["updated_at", "2018-10-05 21:26:33.865869"]]
  ↳ bin/rails:9
  [1m[35m (0.7ms)[0m  [1m[35mCOMMIT[0m
  ↳ bin/rails:9
  [1m[35m (0.5ms)[0m  [1m[34mSELECT pg_advisory_unlock(2642650998229406325)[0m
  ↳ bin/rails:9
  [1m[35m (1.0ms)[0m  [1m[34mSELECT "schema_migrations"."version" FROM "schema_migrations" ORDER BY "schema_migrations"."version" ASC[0m
  ↳ bin/rails:9
  [1m[35m (0.3ms)[0m  [1m[35mBEGIN[0m
  [1m[36mUser Exists (2.2ms)[0m  [1m[34mSELECT  1 AS one FROM "users" WHERE "users"."username" = $1 LIMIT $2[0m  [["username", "user"], ["LIMIT", 1]]
  [1m[36mUser Create (20.6ms)[0m  [1m[32mINSERT INTO "users" ("username", "password_digest", "session_token", "email", "created_at", "updated_at") VALUES ($1, $2, $3, $4, $5, $6) RETURNING "id"[0m  [["username", "user"], ["password_digest", "$2a$10$bcbCPXzryl61oGvbp3M3dOn5r.6bS0Fsr3IPE.tEFbEcjrIDPtBDS"], ["session_token", "CxgHaK2tvxAV2-Pn3bNoow"], ["email", "user"], ["created_at", "2018-10-05 21:37:05.169432"], ["updated_at", "2018-10-05 21:37:05.169432"]]
  [1m[35m (30.0ms)[0m  [1m[35mCOMMIT[0m
  [1m[36mUser Load (62.5ms)[0m  [1m[34mSELECT "users".* FROM "users"[0m
Started GET "/" for 127.0.0.1 at 2018-10-05 15:07:28 -0700
  [1m[35m (1.2ms)[0m  [1m[34mSELECT "schema_migrations"."version" FROM "schema_migrations" ORDER BY "schema_migrations"."version" ASC[0m
  ↳ /usr/local/var/rbenv/versions/2.5.0/lib/ruby/gems/2.5.0/gems/activerecord-5.2.1/lib/active_record/log_subscriber.rb:98
Processing by StaticPagesController#root as HTML
  Rendering static_pages/root.html within layouts/application
  Rendered static_pages/root.html within layouts/application (0.9ms)
Completed 200 OK in 903ms (Views: 879.8ms | ActiveRecord: 0.0ms)


Started GET "/" for 127.0.0.1 at 2018-10-05 15:13:19 -0700
Processing by StaticPagesController#root as */*
  Rendering static_pages/root.html within layouts/application
  Rendered static_pages/root.html within layouts/application (3.7ms)
Completed 200 OK in 242ms (Views: 181.5ms | ActiveRecord: 0.0ms)


Started GET "/" for 127.0.0.1 at 2018-10-05 15:13:33 -0700
Processing by StaticPagesController#root as */*
  Rendering static_pages/root.html within layouts/application
  Rendered static_pages/root.html within layouts/application (0.8ms)
Completed 200 OK in 213ms (Views: 182.0ms | ActiveRecord: 0.0ms)


Started GET "/" for 127.0.0.1 at 2018-10-05 15:13:55 -0700
Processing by StaticPagesController#root as */*
  Rendering static_pages/root.html within layouts/application
  Rendered static_pages/root.html within layouts/application (0.7ms)
Completed 200 OK in 256ms (Views: 214.4ms | ActiveRecord: 0.0ms)


Started GET "/session" for 127.0.0.1 at 2018-10-05 15:14:08 -0700
  
ActionController::RoutingError (No route matches [GET] "/session"):
  
actionpack (5.2.1) lib/action_dispatch/middleware/debug_exceptions.rb:65:in `call'
web-console (3.7.0) lib/web_console/middleware.rb:135:in `call_app'
web-console (3.7.0) lib/web_console/middleware.rb:30:in `block in call'
web-console (3.7.0) lib/web_console/middleware.rb:20:in `catch'
web-console (3.7.0) lib/web_console/middleware.rb:20:in `call'
actionpack (5.2.1) lib/action_dispatch/middleware/show_exceptions.rb:33:in `call'
railties (5.2.1) lib/rails/rack/logger.rb:38:in `call_app'
railties (5.2.1) lib/rails/rack/logger.rb:26:in `block in call'
activesupport (5.2.1) lib/active_support/tagged_logging.rb:71:in `block in tagged'
activesupport (5.2.1) lib/active_support/tagged_logging.rb:28:in `tagged'
activesupport (5.2.1) lib/active_support/tagged_logging.rb:71:in `tagged'
railties (5.2.1) lib/rails/rack/logger.rb:26:in `call'
sprockets-rails (3.2.1) lib/sprockets/rails/quiet_assets.rb:13:in `call'
actionpack (5.2.1) lib/action_dispatch/middleware/remote_ip.rb:81:in `call'
actionpack (5.2.1) lib/action_dispatch/middleware/request_id.rb:27:in `call'
rack (2.0.5) lib/rack/method_override.rb:22:in `call'
rack (2.0.5) lib/rack/runtime.rb:22:in `call'
activesupport (5.2.1) lib/active_support/cache/strategy/local_cache_middleware.rb:29:in `call'
actionpack (5.2.1) lib/action_dispatch/middleware/executor.rb:14:in `call'
actionpack (5.2.1) lib/action_dispatch/middleware/static.rb:127:in `call'
rack (2.0.5) lib/rack/sendfile.rb:111:in `call'
railties (5.2.1) lib/rails/engine.rb:524:in `call'
puma (3.12.0) lib/puma/configuration.rb:225:in `call'
puma (3.12.0) lib/puma/server.rb:658:in `handle_request'
puma (3.12.0) lib/puma/server.rb:472:in `process_client'
puma (3.12.0) lib/puma/server.rb:332:in `block in run'
puma (3.12.0) lib/puma/thread_pool.rb:133:in `block in spawn_thread'
Started GET "/" for 127.0.0.1 at 2018-10-05 15:14:16 -0700
Processing by StaticPagesController#root as */*
  Rendering static_pages/root.html within layouts/application
  Rendered static_pages/root.html within layouts/application (0.4ms)
Completed 200 OK in 256ms (Views: 168.8ms | ActiveRecord: 0.0ms)


Started GET "/" for 127.0.0.1 at 2018-10-05 15:14:41 -0700
Processing by StaticPagesController#root as */*
  Rendering static_pages/root.html within layouts/application
  Rendered static_pages/root.html within layouts/application (0.8ms)
Completed 200 OK in 115ms (Views: 83.8ms | ActiveRecord: 0.0ms)


Started GET "/" for 127.0.0.1 at 2018-10-05 15:14:50 -0700
Processing by StaticPagesController#root as */*
  Rendering static_pages/root.html within layouts/application
  Rendered static_pages/root.html within layouts/application (0.3ms)
Completed 200 OK in 111ms (Views: 79.8ms | ActiveRecord: 0.0ms)


Started GET "/session/new" for 127.0.0.1 at 2018-10-05 15:15:49 -0700
  
ActionController::RoutingError (No route matches [GET] "/session/new"):
  
actionpack (5.2.1) lib/action_dispatch/middleware/debug_exceptions.rb:65:in `call'
web-console (3.7.0) lib/web_console/middleware.rb:135:in `call_app'
web-console (3.7.0) lib/web_console/middleware.rb:30:in `block in call'
web-console (3.7.0) lib/web_console/middleware.rb:20:in `catch'
web-console (3.7.0) lib/web_console/middleware.rb:20:in `call'
actionpack (5.2.1) lib/action_dispatch/middleware/show_exceptions.rb:33:in `call'
railties (5.2.1) lib/rails/rack/logger.rb:38:in `call_app'
railties (5.2.1) lib/rails/rack/logger.rb:26:in `block in call'
activesupport (5.2.1) lib/active_support/tagged_logging.rb:71:in `block in tagged'
activesupport (5.2.1) lib/active_support/tagged_logging.rb:28:in `tagged'
activesupport (5.2.1) lib/active_support/tagged_logging.rb:71:in `tagged'
railties (5.2.1) lib/rails/rack/logger.rb:26:in `call'
sprockets-rails (3.2.1) lib/sprockets/rails/quiet_assets.rb:13:in `call'
actionpack (5.2.1) lib/action_dispatch/middleware/remote_ip.rb:81:in `call'
actionpack (5.2.1) lib/action_dispatch/middleware/request_id.rb:27:in `call'
rack (2.0.5) lib/rack/method_override.rb:22:in `call'
rack (2.0.5) lib/rack/runtime.rb:22:in `call'
activesupport (5.2.1) lib/active_support/cache/strategy/local_cache_middleware.rb:29:in `call'
actionpack (5.2.1) lib/action_dispatch/middleware/executor.rb:14:in `call'
actionpack (5.2.1) lib/action_dispatch/middleware/static.rb:127:in `call'
rack (2.0.5) lib/rack/sendfile.rb:111:in `call'
railties (5.2.1) lib/rails/engine.rb:524:in `call'
puma (3.12.0) lib/puma/configuration.rb:225:in `call'
puma (3.12.0) lib/puma/server.rb:658:in `handle_request'
puma (3.12.0) lib/puma/server.rb:472:in `process_client'
puma (3.12.0) lib/puma/server.rb:332:in `block in run'
puma (3.12.0) lib/puma/thread_pool.rb:133:in `block in spawn_thread'
Started GET "/api/session/new" for 127.0.0.1 at 2018-10-05 15:15:58 -0700
  
ActionController::RoutingError (No route matches [GET] "/api/session/new"):
  
actionpack (5.2.1) lib/action_dispatch/middleware/debug_exceptions.rb:65:in `call'
web-console (3.7.0) lib/web_console/middleware.rb:135:in `call_app'
web-console (3.7.0) lib/web_console/middleware.rb:30:in `block in call'
web-console (3.7.0) lib/web_console/middleware.rb:20:in `catch'
web-console (3.7.0) lib/web_console/middleware.rb:20:in `call'
actionpack (5.2.1) lib/action_dispatch/middleware/show_exceptions.rb:33:in `call'
railties (5.2.1) lib/rails/rack/logger.rb:38:in `call_app'
railties (5.2.1) lib/rails/rack/logger.rb:26:in `block in call'
activesupport (5.2.1) lib/active_support/tagged_logging.rb:71:in `block in tagged'
activesupport (5.2.1) lib/active_support/tagged_logging.rb:28:in `tagged'
activesupport (5.2.1) lib/active_support/tagged_logging.rb:71:in `tagged'
railties (5.2.1) lib/rails/rack/logger.rb:26:in `call'
sprockets-rails (3.2.1) lib/sprockets/rails/quiet_assets.rb:13:in `call'
actionpack (5.2.1) lib/action_dispatch/middleware/remote_ip.rb:81:in `call'
actionpack (5.2.1) lib/action_dispatch/middleware/request_id.rb:27:in `call'
rack (2.0.5) lib/rack/method_override.rb:22:in `call'
rack (2.0.5) lib/rack/runtime.rb:22:in `call'
activesupport (5.2.1) lib/active_support/cache/strategy/local_cache_middleware.rb:29:in `call'
actionpack (5.2.1) lib/action_dispatch/middleware/executor.rb:14:in `call'
actionpack (5.2.1) lib/action_dispatch/middleware/static.rb:127:in `call'
rack (2.0.5) lib/rack/sendfile.rb:111:in `call'
railties (5.2.1) lib/rails/engine.rb:524:in `call'
puma (3.12.0) lib/puma/configuration.rb:225:in `call'
puma (3.12.0) lib/puma/server.rb:658:in `handle_request'
puma (3.12.0) lib/puma/server.rb:472:in `process_client'
puma (3.12.0) lib/puma/server.rb:332:in `block in run'
puma (3.12.0) lib/puma/thread_pool.rb:133:in `block in spawn_thread'
Started GET "/api/session/" for 127.0.0.1 at 2018-10-05 15:16:02 -0700
  
ActionController::RoutingError (No route matches [GET] "/api/session"):
  
actionpack (5.2.1) lib/action_dispatch/middleware/debug_exceptions.rb:65:in `call'
web-console (3.7.0) lib/web_console/middleware.rb:135:in `call_app'
web-console (3.7.0) lib/web_console/middleware.rb:30:in `block in call'
web-console (3.7.0) lib/web_console/middleware.rb:20:in `catch'
web-console (3.7.0) lib/web_console/middleware.rb:20:in `call'
actionpack (5.2.1) lib/action_dispatch/middleware/show_exceptions.rb:33:in `call'
railties (5.2.1) lib/rails/rack/logger.rb:38:in `call_app'
railties (5.2.1) lib/rails/rack/logger.rb:26:in `block in call'
activesupport (5.2.1) lib/active_support/tagged_logging.rb:71:in `block in tagged'
activesupport (5.2.1) lib/active_support/tagged_logging.rb:28:in `tagged'
activesupport (5.2.1) lib/active_support/tagged_logging.rb:71:in `tagged'
railties (5.2.1) lib/rails/rack/logger.rb:26:in `call'
sprockets-rails (3.2.1) lib/sprockets/rails/quiet_assets.rb:13:in `call'
actionpack (5.2.1) lib/action_dispatch/middleware/remote_ip.rb:81:in `call'
actionpack (5.2.1) lib/action_dispatch/middleware/request_id.rb:27:in `call'
rack (2.0.5) lib/rack/method_override.rb:22:in `call'
rack (2.0.5) lib/rack/runtime.rb:22:in `call'
activesupport (5.2.1) lib/active_support/cache/strategy/local_cache_middleware.rb:29:in `call'
actionpack (5.2.1) lib/action_dispatch/middleware/executor.rb:14:in `call'
actionpack (5.2.1) lib/action_dispatch/middleware/static.rb:127:in `call'
rack (2.0.5) lib/rack/sendfile.rb:111:in `call'
railties (5.2.1) lib/rails/engine.rb:524:in `call'
puma (3.12.0) lib/puma/configuration.rb:225:in `call'
puma (3.12.0) lib/puma/server.rb:658:in `handle_request'
puma (3.12.0) lib/puma/server.rb:472:in `process_client'
puma (3.12.0) lib/puma/server.rb:332:in `block in run'
puma (3.12.0) lib/puma/thread_pool.rb:133:in `block in spawn_thread'
Started GET "/api/users/" for 127.0.0.1 at 2018-10-05 15:16:08 -0700
  
ActionController::RoutingError (No route matches [GET] "/api/users"):
  
actionpack (5.2.1) lib/action_dispatch/middleware/debug_exceptions.rb:65:in `call'
web-console (3.7.0) lib/web_console/middleware.rb:135:in `call_app'
web-console (3.7.0) lib/web_console/middleware.rb:30:in `block in call'
web-console (3.7.0) lib/web_console/middleware.rb:20:in `catch'
web-console (3.7.0) lib/web_console/middleware.rb:20:in `call'
actionpack (5.2.1) lib/action_dispatch/middleware/show_exceptions.rb:33:in `call'
railties (5.2.1) lib/rails/rack/logger.rb:38:in `call_app'
railties (5.2.1) lib/rails/rack/logger.rb:26:in `block in call'
activesupport (5.2.1) lib/active_support/tagged_logging.rb:71:in `block in tagged'
activesupport (5.2.1) lib/active_support/tagged_logging.rb:28:in `tagged'
activesupport (5.2.1) lib/active_support/tagged_logging.rb:71:in `tagged'
railties (5.2.1) lib/rails/rack/logger.rb:26:in `call'
sprockets-rails (3.2.1) lib/sprockets/rails/quiet_assets.rb:13:in `call'
actionpack (5.2.1) lib/action_dispatch/middleware/remote_ip.rb:81:in `call'
actionpack (5.2.1) lib/action_dispatch/middleware/request_id.rb:27:in `call'
rack (2.0.5) lib/rack/method_override.rb:22:in `call'
rack (2.0.5) lib/rack/runtime.rb:22:in `call'
activesupport (5.2.1) lib/active_support/cache/strategy/local_cache_middleware.rb:29:in `call'
actionpack (5.2.1) lib/action_dispatch/middleware/executor.rb:14:in `call'
actionpack (5.2.1) lib/action_dispatch/middleware/static.rb:127:in `call'
rack (2.0.5) lib/rack/sendfile.rb:111:in `call'
railties (5.2.1) lib/rails/engine.rb:524:in `call'
puma (3.12.0) lib/puma/configuration.rb:225:in `call'
puma (3.12.0) lib/puma/server.rb:658:in `handle_request'
puma (3.12.0) lib/puma/server.rb:472:in `process_client'
puma (3.12.0) lib/puma/server.rb:332:in `block in run'
puma (3.12.0) lib/puma/thread_pool.rb:133:in `block in spawn_thread'
Started GET "/api/users/1" for 127.0.0.1 at 2018-10-05 15:16:17 -0700
  
ActionController::RoutingError (No route matches [GET] "/api/users/1"):
  
actionpack (5.2.1) lib/action_dispatch/middleware/debug_exceptions.rb:65:in `call'
web-console (3.7.0) lib/web_console/middleware.rb:135:in `call_app'
web-console (3.7.0) lib/web_console/middleware.rb:30:in `block in call'
web-console (3.7.0) lib/web_console/middleware.rb:20:in `catch'
web-console (3.7.0) lib/web_console/middleware.rb:20:in `call'
actionpack (5.2.1) lib/action_dispatch/middleware/show_exceptions.rb:33:in `call'
railties (5.2.1) lib/rails/rack/logger.rb:38:in `call_app'
railties (5.2.1) lib/rails/rack/logger.rb:26:in `block in call'
activesupport (5.2.1) lib/active_support/tagged_logging.rb:71:in `block in tagged'
activesupport (5.2.1) lib/active_support/tagged_logging.rb:28:in `tagged'
activesupport (5.2.1) lib/active_support/tagged_logging.rb:71:in `tagged'
railties (5.2.1) lib/rails/rack/logger.rb:26:in `call'
sprockets-rails (3.2.1) lib/sprockets/rails/quiet_assets.rb:13:in `call'
actionpack (5.2.1) lib/action_dispatch/middleware/remote_ip.rb:81:in `call'
actionpack (5.2.1) lib/action_dispatch/middleware/request_id.rb:27:in `call'
rack (2.0.5) lib/rack/method_override.rb:22:in `call'
rack (2.0.5) lib/rack/runtime.rb:22:in `call'
activesupport (5.2.1) lib/active_support/cache/strategy/local_cache_middleware.rb:29:in `call'
actionpack (5.2.1) lib/action_dispatch/middleware/executor.rb:14:in `call'
actionpack (5.2.1) lib/action_dispatch/middleware/static.rb:127:in `call'
rack (2.0.5) lib/rack/sendfile.rb:111:in `call'
railties (5.2.1) lib/rails/engine.rb:524:in `call'
puma (3.12.0) lib/puma/configuration.rb:225:in `call'
puma (3.12.0) lib/puma/server.rb:658:in `handle_request'
puma (3.12.0) lib/puma/server.rb:472:in `process_client'
puma (3.12.0) lib/puma/server.rb:332:in `block in run'
puma (3.12.0) lib/puma/thread_pool.rb:133:in `block in spawn_thread'
Started GET "/api/" for 127.0.0.1 at 2018-10-05 15:29:00 -0700
  
ActionController::RoutingError (No route matches [GET] "/api"):
  
actionpack (5.2.1) lib/action_dispatch/middleware/debug_exceptions.rb:65:in `call'
web-console (3.7.0) lib/web_console/middleware.rb:135:in `call_app'
web-console (3.7.0) lib/web_console/middleware.rb:30:in `block in call'
web-console (3.7.0) lib/web_console/middleware.rb:20:in `catch'
web-console (3.7.0) lib/web_console/middleware.rb:20:in `call'
actionpack (5.2.1) lib/action_dispatch/middleware/show_exceptions.rb:33:in `call'
railties (5.2.1) lib/rails/rack/logger.rb:38:in `call_app'
railties (5.2.1) lib/rails/rack/logger.rb:26:in `block in call'
activesupport (5.2.1) lib/active_support/tagged_logging.rb:71:in `block in tagged'
activesupport (5.2.1) lib/active_support/tagged_logging.rb:28:in `tagged'
activesupport (5.2.1) lib/active_support/tagged_logging.rb:71:in `tagged'
railties (5.2.1) lib/rails/rack/logger.rb:26:in `call'
sprockets-rails (3.2.1) lib/sprockets/rails/quiet_assets.rb:13:in `call'
actionpack (5.2.1) lib/action_dispatch/middleware/remote_ip.rb:81:in `call'
actionpack (5.2.1) lib/action_dispatch/middleware/request_id.rb:27:in `call'
rack (2.0.5) lib/rack/method_override.rb:22:in `call'
rack (2.0.5) lib/rack/runtime.rb:22:in `call'
activesupport (5.2.1) lib/active_support/cache/strategy/local_cache_middleware.rb:29:in `call'
actionpack (5.2.1) lib/action_dispatch/middleware/executor.rb:14:in `call'
actionpack (5.2.1) lib/action_dispatch/middleware/static.rb:127:in `call'
rack (2.0.5) lib/rack/sendfile.rb:111:in `call'
railties (5.2.1) lib/rails/engine.rb:524:in `call'
puma (3.12.0) lib/puma/configuration.rb:225:in `call'
puma (3.12.0) lib/puma/server.rb:658:in `handle_request'
puma (3.12.0) lib/puma/server.rb:472:in `process_client'
puma (3.12.0) lib/puma/server.rb:332:in `block in run'
puma (3.12.0) lib/puma/thread_pool.rb:133:in `block in spawn_thread'
Started GET "/" for 127.0.0.1 at 2018-10-05 15:29:25 -0700
Processing by StaticPagesController#root as HTML
  Rendering static_pages/root.html within layouts/application
  Rendered static_pages/root.html within layouts/application (0.4ms)
Completed 200 OK in 1065ms (Views: 959.6ms | ActiveRecord: 0.0ms)


Started POST "/api/session" for 127.0.0.1 at 2018-10-05 15:30:43 -0700

SyntaxError - syntax error, unexpected tIVAR, expecting keyword_end
      render :json @user.errors.full_messages
                   ^~~~~
/Users/appacademy/Desktop/W7D5/ConcreteMat/app/controllers/api/sessions_controller.rb:16: syntax error, unexpected tSTRING_BEG, expecting keyword_end
      render :json '{}'
                   ^
/Users/appacademy/Desktop/W7D5/ConcreteMat/app/controllers/api/sessions_controller.rb:18: syntax error, unexpected tSTRING_BEG, expecting keyword_end
      render :json '404 Not Found'
                   ^:
  app/controllers/api/sessions_controller.rb:9:in `'

Started POST "/api/users" for 127.0.0.1 at 2018-10-05 15:31:03 -0700
  
ActionController::RoutingError (No route matches [POST] "/api/users"):
  
actionpack (5.2.1) lib/action_dispatch/middleware/debug_exceptions.rb:65:in `call'
web-console (3.7.0) lib/web_console/middleware.rb:135:in `call_app'
web-console (3.7.0) lib/web_console/middleware.rb:30:in `block in call'
web-console (3.7.0) lib/web_console/middleware.rb:20:in `catch'
web-console (3.7.0) lib/web_console/middleware.rb:20:in `call'
actionpack (5.2.1) lib/action_dispatch/middleware/show_exceptions.rb:33:in `call'
railties (5.2.1) lib/rails/rack/logger.rb:38:in `call_app'
railties (5.2.1) lib/rails/rack/logger.rb:26:in `block in call'
activesupport (5.2.1) lib/active_support/tagged_logging.rb:71:in `block in tagged'
activesupport (5.2.1) lib/active_support/tagged_logging.rb:28:in `tagged'
activesupport (5.2.1) lib/active_support/tagged_logging.rb:71:in `tagged'
railties (5.2.1) lib/rails/rack/logger.rb:26:in `call'
sprockets-rails (3.2.1) lib/sprockets/rails/quiet_assets.rb:13:in `call'
actionpack (5.2.1) lib/action_dispatch/middleware/remote_ip.rb:81:in `call'
actionpack (5.2.1) lib/action_dispatch/middleware/request_id.rb:27:in `call'
rack (2.0.5) lib/rack/method_override.rb:22:in `call'
rack (2.0.5) lib/rack/runtime.rb:22:in `call'
activesupport (5.2.1) lib/active_support/cache/strategy/local_cache_middleware.rb:29:in `call'
actionpack (5.2.1) lib/action_dispatch/middleware/executor.rb:14:in `call'
actionpack (5.2.1) lib/action_dispatch/middleware/static.rb:127:in `call'
rack (2.0.5) lib/rack/sendfile.rb:111:in `call'
railties (5.2.1) lib/rails/engine.rb:524:in `call'
puma (3.12.0) lib/puma/configuration.rb:225:in `call'
puma (3.12.0) lib/puma/server.rb:658:in `handle_request'
puma (3.12.0) lib/puma/server.rb:472:in `process_client'
puma (3.12.0) lib/puma/server.rb:332:in `block in run'
puma (3.12.0) lib/puma/thread_pool.rb:133:in `block in spawn_thread'
Started POST "/api/users" for 127.0.0.1 at 2018-10-05 15:31:21 -0700
  
ActionController::RoutingError (No route matches [POST] "/api/users"):
  
actionpack (5.2.1) lib/action_dispatch/middleware/debug_exceptions.rb:65:in `call'
web-console (3.7.0) lib/web_console/middleware.rb:135:in `call_app'
web-console (3.7.0) lib/web_console/middleware.rb:30:in `block in call'
web-console (3.7.0) lib/web_console/middleware.rb:20:in `catch'
web-console (3.7.0) lib/web_console/middleware.rb:20:in `call'
actionpack (5.2.1) lib/action_dispatch/middleware/show_exceptions.rb:33:in `call'
railties (5.2.1) lib/rails/rack/logger.rb:38:in `call_app'
railties (5.2.1) lib/rails/rack/logger.rb:26:in `block in call'
activesupport (5.2.1) lib/active_support/tagged_logging.rb:71:in `block in tagged'
activesupport (5.2.1) lib/active_support/tagged_logging.rb:28:in `tagged'
activesupport (5.2.1) lib/active_support/tagged_logging.rb:71:in `tagged'
railties (5.2.1) lib/rails/rack/logger.rb:26:in `call'
sprockets-rails (3.2.1) lib/sprockets/rails/quiet_assets.rb:13:in `call'
actionpack (5.2.1) lib/action_dispatch/middleware/remote_ip.rb:81:in `call'
actionpack (5.2.1) lib/action_dispatch/middleware/request_id.rb:27:in `call'
rack (2.0.5) lib/rack/method_override.rb:22:in `call'
rack (2.0.5) lib/rack/runtime.rb:22:in `call'
activesupport (5.2.1) lib/active_support/cache/strategy/local_cache_middleware.rb:29:in `call'
actionpack (5.2.1) lib/action_dispatch/middleware/executor.rb:14:in `call'
actionpack (5.2.1) lib/action_dispatch/middleware/static.rb:127:in `call'
rack (2.0.5) lib/rack/sendfile.rb:111:in `call'
railties (5.2.1) lib/rails/engine.rb:524:in `call'
puma (3.12.0) lib/puma/configuration.rb:225:in `call'
puma (3.12.0) lib/puma/server.rb:658:in `handle_request'
puma (3.12.0) lib/puma/server.rb:472:in `process_client'
puma (3.12.0) lib/puma/server.rb:332:in `block in run'
puma (3.12.0) lib/puma/thread_pool.rb:133:in `block in spawn_thread'
Started GET "/session" for 127.0.0.1 at 2018-10-05 15:32:51 -0700
  [1m[35m (12.2ms)[0m  [1m[34mSELECT "schema_migrations"."version" FROM "schema_migrations" ORDER BY "schema_migrations"."version" ASC[0m
  ↳ /usr/local/var/rbenv/versions/2.5.0/lib/ruby/gems/2.5.0/gems/activerecord-5.2.1/lib/active_record/log_subscriber.rb:98
  
ActionController::RoutingError (No route matches [GET] "/session"):
  
actionpack (5.2.1) lib/action_dispatch/middleware/debug_exceptions.rb:65:in `call'
web-console (3.7.0) lib/web_console/middleware.rb:135:in `call_app'
web-console (3.7.0) lib/web_console/middleware.rb:30:in `block in call'
web-console (3.7.0) lib/web_console/middleware.rb:20:in `catch'
web-console (3.7.0) lib/web_console/middleware.rb:20:in `call'
actionpack (5.2.1) lib/action_dispatch/middleware/show_exceptions.rb:33:in `call'
railties (5.2.1) lib/rails/rack/logger.rb:38:in `call_app'
railties (5.2.1) lib/rails/rack/logger.rb:26:in `block in call'
activesupport (5.2.1) lib/active_support/tagged_logging.rb:71:in `block in tagged'
activesupport (5.2.1) lib/active_support/tagged_logging.rb:28:in `tagged'
activesupport (5.2.1) lib/active_support/tagged_logging.rb:71:in `tagged'
railties (5.2.1) lib/rails/rack/logger.rb:26:in `call'
sprockets-rails (3.2.1) lib/sprockets/rails/quiet_assets.rb:13:in `call'
actionpack (5.2.1) lib/action_dispatch/middleware/remote_ip.rb:81:in `call'
actionpack (5.2.1) lib/action_dispatch/middleware/request_id.rb:27:in `call'
rack (2.0.5) lib/rack/method_override.rb:22:in `call'
rack (2.0.5) lib/rack/runtime.rb:22:in `call'
activesupport (5.2.1) lib/active_support/cache/strategy/local_cache_middleware.rb:29:in `call'
actionpack (5.2.1) lib/action_dispatch/middleware/executor.rb:14:in `call'
actionpack (5.2.1) lib/action_dispatch/middleware/static.rb:127:in `call'
rack (2.0.5) lib/rack/sendfile.rb:111:in `call'
railties (5.2.1) lib/rails/engine.rb:524:in `call'
puma (3.12.0) lib/puma/configuration.rb:225:in `call'
puma (3.12.0) lib/puma/server.rb:658:in `handle_request'
puma (3.12.0) lib/puma/server.rb:472:in `process_client'
puma (3.12.0) lib/puma/server.rb:332:in `block in run'
puma (3.12.0) lib/puma/thread_pool.rb:133:in `block in spawn_thread'
Started GET "/users/search?query=g" for 127.0.0.1 at 2018-10-05 15:33:05 -0700
  
ActionController::RoutingError (No route matches [GET] "/users/search"):
  
actionpack (5.2.1) lib/action_dispatch/middleware/debug_exceptions.rb:65:in `call'
web-console (3.7.0) lib/web_console/middleware.rb:135:in `call_app'
web-console (3.7.0) lib/web_console/middleware.rb:30:in `block in call'
web-console (3.7.0) lib/web_console/middleware.rb:20:in `catch'
web-console (3.7.0) lib/web_console/middleware.rb:20:in `call'
actionpack (5.2.1) lib/action_dispatch/middleware/show_exceptions.rb:33:in `call'
railties (5.2.1) lib/rails/rack/logger.rb:38:in `call_app'
railties (5.2.1) lib/rails/rack/logger.rb:26:in `block in call'
activesupport (5.2.1) lib/active_support/tagged_logging.rb:71:in `block in tagged'
activesupport (5.2.1) lib/active_support/tagged_logging.rb:28:in `tagged'
activesupport (5.2.1) lib/active_support/tagged_logging.rb:71:in `tagged'
railties (5.2.1) lib/rails/rack/logger.rb:26:in `call'
sprockets-rails (3.2.1) lib/sprockets/rails/quiet_assets.rb:13:in `call'
actionpack (5.2.1) lib/action_dispatch/middleware/remote_ip.rb:81:in `call'
actionpack (5.2.1) lib/action_dispatch/middleware/request_id.rb:27:in `call'
rack (2.0.5) lib/rack/method_override.rb:22:in `call'
rack (2.0.5) lib/rack/runtime.rb:22:in `call'
activesupport (5.2.1) lib/active_support/cache/strategy/local_cache_middleware.rb:29:in `call'
actionpack (5.2.1) lib/action_dispatch/middleware/executor.rb:14:in `call'
actionpack (5.2.1) lib/action_dispatch/middleware/static.rb:127:in `call'
rack (2.0.5) lib/rack/sendfile.rb:111:in `call'
railties (5.2.1) lib/rails/engine.rb:524:in `call'
puma (3.12.0) lib/puma/configuration.rb:225:in `call'
puma (3.12.0) lib/puma/server.rb:658:in `handle_request'
puma (3.12.0) lib/puma/server.rb:472:in `process_client'
puma (3.12.0) lib/puma/server.rb:332:in `block in run'
puma (3.12.0) lib/puma/thread_pool.rb:133:in `block in spawn_thread'
Started GET "/users/" for 127.0.0.1 at 2018-10-05 15:33:10 -0700
  
ActionController::RoutingError (No route matches [GET] "/users"):
  
actionpack (5.2.1) lib/action_dispatch/middleware/debug_exceptions.rb:65:in `call'
web-console (3.7.0) lib/web_console/middleware.rb:135:in `call_app'
web-console (3.7.0) lib/web_console/middleware.rb:30:in `block in call'
web-console (3.7.0) lib/web_console/middleware.rb:20:in `catch'
web-console (3.7.0) lib/web_console/middleware.rb:20:in `call'
actionpack (5.2.1) lib/action_dispatch/middleware/show_exceptions.rb:33:in `call'
railties (5.2.1) lib/rails/rack/logger.rb:38:in `call_app'
railties (5.2.1) lib/rails/rack/logger.rb:26:in `block in call'
activesupport (5.2.1) lib/active_support/tagged_logging.rb:71:in `block in tagged'
activesupport (5.2.1) lib/active_support/tagged_logging.rb:28:in `tagged'
activesupport (5.2.1) lib/active_support/tagged_logging.rb:71:in `tagged'
railties (5.2.1) lib/rails/rack/logger.rb:26:in `call'
sprockets-rails (3.2.1) lib/sprockets/rails/quiet_assets.rb:13:in `call'
actionpack (5.2.1) lib/action_dispatch/middleware/remote_ip.rb:81:in `call'
actionpack (5.2.1) lib/action_dispatch/middleware/request_id.rb:27:in `call'
rack (2.0.5) lib/rack/method_override.rb:22:in `call'
rack (2.0.5) lib/rack/runtime.rb:22:in `call'
activesupport (5.2.1) lib/active_support/cache/strategy/local_cache_middleware.rb:29:in `call'
actionpack (5.2.1) lib/action_dispatch/middleware/executor.rb:14:in `call'
actionpack (5.2.1) lib/action_dispatch/middleware/static.rb:127:in `call'
rack (2.0.5) lib/rack/sendfile.rb:111:in `call'
railties (5.2.1) lib/rails/engine.rb:524:in `call'
puma (3.12.0) lib/puma/configuration.rb:225:in `call'
puma (3.12.0) lib/puma/server.rb:658:in `handle_request'
puma (3.12.0) lib/puma/server.rb:472:in `process_client'
puma (3.12.0) lib/puma/server.rb:332:in `block in run'
puma (3.12.0) lib/puma/thread_pool.rb:133:in `block in spawn_thread'
Started GET "/users/1" for 127.0.0.1 at 2018-10-05 15:33:25 -0700
  
ActionController::RoutingError (No route matches [GET] "/users/1"):
  
actionpack (5.2.1) lib/action_dispatch/middleware/debug_exceptions.rb:65:in `call'
web-console (3.7.0) lib/web_console/middleware.rb:135:in `call_app'
web-console (3.7.0) lib/web_console/middleware.rb:30:in `block in call'
web-console (3.7.0) lib/web_console/middleware.rb:20:in `catch'
web-console (3.7.0) lib/web_console/middleware.rb:20:in `call'
actionpack (5.2.1) lib/action_dispatch/middleware/show_exceptions.rb:33:in `call'
railties (5.2.1) lib/rails/rack/logger.rb:38:in `call_app'
railties (5.2.1) lib/rails/rack/logger.rb:26:in `block in call'
activesupport (5.2.1) lib/active_support/tagged_logging.rb:71:in `block in tagged'
activesupport (5.2.1) lib/active_support/tagged_logging.rb:28:in `tagged'
activesupport (5.2.1) lib/active_support/tagged_logging.rb:71:in `tagged'
railties (5.2.1) lib/rails/rack/logger.rb:26:in `call'
sprockets-rails (3.2.1) lib/sprockets/rails/quiet_assets.rb:13:in `call'
actionpack (5.2.1) lib/action_dispatch/middleware/remote_ip.rb:81:in `call'
actionpack (5.2.1) lib/action_dispatch/middleware/request_id.rb:27:in `call'
rack (2.0.5) lib/rack/method_override.rb:22:in `call'
rack (2.0.5) lib/rack/runtime.rb:22:in `call'
activesupport (5.2.1) lib/active_support/cache/strategy/local_cache_middleware.rb:29:in `call'
actionpack (5.2.1) lib/action_dispatch/middleware/executor.rb:14:in `call'
actionpack (5.2.1) lib/action_dispatch/middleware/static.rb:127:in `call'
rack (2.0.5) lib/rack/sendfile.rb:111:in `call'
railties (5.2.1) lib/rails/engine.rb:524:in `call'
puma (3.12.0) lib/puma/configuration.rb:225:in `call'
puma (3.12.0) lib/puma/server.rb:658:in `handle_request'
puma (3.12.0) lib/puma/server.rb:472:in `process_client'
puma (3.12.0) lib/puma/server.rb:332:in `block in run'
puma (3.12.0) lib/puma/thread_pool.rb:133:in `block in spawn_thread'
Started GET "/" for 127.0.0.1 at 2018-10-05 15:34:01 -0700
Processing by StaticPagesController#root as HTML
  Rendering static_pages/root.html within layouts/application
  Rendered static_pages/root.html within layouts/application (0.3ms)
Completed 200 OK in 2056ms (Views: 2023.8ms | ActiveRecord: 0.0ms)


Started POST "/api/users" for 127.0.0.1 at 2018-10-05 15:34:07 -0700

SyntaxError - syntax error, unexpected tIVAR, expecting keyword_end
      render :json @user.errors.full_messages
                   ^~~~~
/Users/appacademy/Desktop/W7D5/ConcreteMat/app/controllers/api/users_controller.rb:16: syntax error, unexpected tIVAR, expecting keyword_end
    render :json @user 
                 ^~~~~:
  app/controllers/api/users_controller.rb:10:in `'

Started GET "/" for 127.0.0.1 at 2018-10-05 15:35:39 -0700
Processing by StaticPagesController#root as HTML
  Rendering static_pages/root.html within layouts/application
  Rendered static_pages/root.html within layouts/application (0.3ms)
Completed 200 OK in 81ms (Views: 78.2ms | ActiveRecord: 0.0ms)


Started POST "/api/users" for 127.0.0.1 at 2018-10-05 15:35:44 -0700
Processing by Api::UsersController#create as JSON
Completed 400 Bad Request in 15ms (ActiveRecord: 0.0ms)



ActionController::ParameterMissing - param is missing or the value is empty: user:
  app/controllers/api/users_controller.rb:24:in `user_params'
  app/controllers/api/users_controller.rb:5:in `create'

Started POST "/api/users" for 127.0.0.1 at 2018-10-05 15:37:44 -0700
Processing by Api::UsersController#create as JSON
Completed 400 Bad Request in 2ms (ActiveRecord: 0.0ms)



ActionController::ParameterMissing - param is missing or the value is empty: user:
  app/controllers/api/users_controller.rb:24:in `user_params'
  app/controllers/api/users_controller.rb:5:in `create'

Started GET "/" for 127.0.0.1 at 2018-10-05 15:38:10 -0700
Processing by StaticPagesController#root as HTML
  Rendering static_pages/root.html within layouts/application
  Rendered static_pages/root.html within layouts/application (0.6ms)
Completed 200 OK in 317ms (Views: 285.0ms | ActiveRecord: 0.0ms)


Started POST "/api/users" for 127.0.0.1 at 2018-10-05 15:38:14 -0700
Processing by Api::UsersController#create as JSON
Completed 400 Bad Request in 71670ms (ActiveRecord: 0.0ms)



ActionController::ParameterMissing - param is missing or the value is empty: user:
  app/controllers/api/users_controller.rb:25:in `user_params'
  app/controllers/api/users_controller.rb:5:in `create'

Started GET "/" for 127.0.0.1 at 2018-10-05 15:39:25 -0700
Processing by StaticPagesController#root as HTML
  Rendering static_pages/root.html within layouts/application
  Rendered static_pages/root.html within layouts/application (0.4ms)
Completed 200 OK in 670ms (Views: 620.5ms | ActiveRecord: 0.0ms)


Started GET "/" for 127.0.0.1 at 2018-10-05 15:39:30 -0700
Processing by StaticPagesController#root as HTML
  Rendering static_pages/root.html within layouts/application
  Rendered static_pages/root.html within layouts/application (0.4ms)
Completed 200 OK in 52ms (Views: 48.9ms | ActiveRecord: 0.0ms)


Started POST "/api/users" for 127.0.0.1 at 2018-10-05 15:39:34 -0700
Processing by Api::UsersController#create as JSON
Completed 400 Bad Request in 66125ms (ActiveRecord: 0.0ms)



ActionController::ParameterMissing - param is missing or the value is empty: user:
  app/controllers/api/users_controller.rb:25:in `user_params'
  app/controllers/api/users_controller.rb:5:in `create'

Started GET "/" for 127.0.0.1 at 2018-10-05 15:40:45 -0700
Processing by StaticPagesController#root as HTML
  Rendering static_pages/root.html within layouts/application
  Rendered static_pages/root.html within layouts/application (1.0ms)
Completed 200 OK in 670ms (Views: 665.7ms | ActiveRecord: 0.0ms)


Started GET "/" for 127.0.0.1 at 2018-10-05 15:40:59 -0700
Processing by StaticPagesController#root as HTML
  Rendering static_pages/root.html within layouts/application
  Rendered static_pages/root.html within layouts/application (1.9ms)
Completed 200 OK in 512ms (Views: 493.1ms | ActiveRecord: 0.0ms)


Started POST "/api/users" for 127.0.0.1 at 2018-10-05 15:41:03 -0700
Processing by Api::UsersController#create as JSON
  Parameters: {"user"=>{"user"=>{"username"=>"user1", "password"=>"[FILTERED]", "email"=>"user1"}}}
Unpermitted parameter: :user
  [1m[35m (2.6ms)[0m  [1m[35mBEGIN[0m
  ↳ app/controllers/api/users_controller.rb:7
  [1m[36mUser Exists (14.4ms)[0m  [1m[34mSELECT  1 AS one FROM "users" WHERE "users"."username" IS NULL LIMIT $1[0m  [["LIMIT", 1]]
  ↳ app/controllers/api/users_controller.rb:7
  [1m[35m (2.2ms)[0m  [1m[31mROLLBACK[0m
  ↳ app/controllers/api/users_controller.rb:7
Completed 422 Unprocessable Entity in 53248ms (ActiveRecord: 32.9ms)



ActiveRecord::RecordInvalid - Validation failed: Username can't be blank, Password digest can't be blank, Email can't be blank:
  app/controllers/api/users_controller.rb:7:in `create'

Started POST "/api/users" for 127.0.0.1 at 2018-10-05 15:42:56 -0700
Processing by Api::UsersController#create as JSON
  Parameters: {"user"=>{"user"=>{"username"=>"user1", "password"=>"[FILTERED]", "email"=>"user1"}}}
Unpermitted parameter: :user
Started GET "/" for 127.0.0.1 at 2018-10-05 15:46:24 -0700
  [1m[35m (6.5ms)[0m  [1m[35mBEGIN[0m
  ↳ app/controllers/api/users_controller.rb:7
  [1m[36mUser Exists (4.6ms)[0m  [1m[34mSELECT  1 AS one FROM "users" WHERE "users"."username" IS NULL LIMIT $1[0m  [["LIMIT", 1]]
  ↳ app/controllers/api/users_controller.rb:7
  [1m[35m (1.3ms)[0m  [1m[31mROLLBACK[0m
  ↳ app/controllers/api/users_controller.rb:7
Completed 422 Unprocessable Entity in 207405ms (ActiveRecord: 12.4ms)



ActiveRecord::RecordInvalid - Validation failed: Username can't be blank, Password digest can't be blank, Email can't be blank:
  app/controllers/api/users_controller.rb:7:in `create'

Processing by StaticPagesController#root as HTML
  Rendering static_pages/root.html within layouts/application
  Rendered static_pages/root.html within layouts/application (1.3ms)
Completed 200 OK in 520ms (Views: 504.7ms | ActiveRecord: 0.0ms)


Started POST "/api/users" for 127.0.0.1 at 2018-10-05 15:46:28 -0700
Processing by Api::UsersController#create as JSON
Completed 400 Bad Request in 493847ms (ActiveRecord: 0.0ms)



ActionController::ParameterMissing - param is missing or the value is empty: user:
  app/controllers/api/users_controller.rb:25:in `user_params'
  app/controllers/api/users_controller.rb:5:in `create'

Started GET "/" for 127.0.0.1 at 2018-10-05 15:54:42 -0700
Processing by StaticPagesController#root as HTML
  Rendering static_pages/root.html within layouts/application
  Rendered static_pages/root.html within layouts/application (0.9ms)
Completed 200 OK in 693ms (Views: 676.2ms | ActiveRecord: 0.0ms)


Started GET "/" for 127.0.0.1 at 2018-10-05 15:55:01 -0700
Processing by StaticPagesController#root as HTML
  Rendering static_pages/root.html within layouts/application
  Rendered static_pages/root.html within layouts/application (0.3ms)
Completed 200 OK in 249ms (Views: 221.4ms | ActiveRecord: 0.0ms)


Started POST "/api/users" for 127.0.0.1 at 2018-10-05 15:55:06 -0700
Processing by Api::UsersController#create as JSON
Completed 400 Bad Request in 20ms (ActiveRecord: 0.0ms)



ActionController::ParameterMissing - param is missing or the value is empty: user:
  app/controllers/api/users_controller.rb:25:in `user_params'
  app/controllers/api/users_controller.rb:5:in `create'

Started GET "/" for 127.0.0.1 at 2018-10-05 15:56:04 -0700
Processing by StaticPagesController#root as HTML
  Rendering static_pages/root.html within layouts/application
  Rendered static_pages/root.html within layouts/application (0.8ms)
Completed 200 OK in 533ms (Views: 514.5ms | ActiveRecord: 0.0ms)


Started POST "/api/users" for 127.0.0.1 at 2018-10-05 15:56:15 -0700
Processing by Api::UsersController#create as JSON
Completed 400 Bad Request in 1ms (ActiveRecord: 0.0ms)



ActionController::ParameterMissing - param is missing or the value is empty: user:
  app/controllers/api/users_controller.rb:25:in `user_params'
  app/controllers/api/users_controller.rb:5:in `create'

Started GET "/" for 127.0.0.1 at 2018-10-05 15:56:28 -0700
Processing by StaticPagesController#root as HTML
  Rendering static_pages/root.html within layouts/application
  Rendered static_pages/root.html within layouts/application (0.5ms)
Completed 200 OK in 174ms (Views: 153.3ms | ActiveRecord: 0.0ms)


Started GET "/" for 127.0.0.1 at 2018-10-05 15:57:29 -0700
Processing by StaticPagesController#root as HTML
  Rendering static_pages/root.html within layouts/application
  Rendered static_pages/root.html within layouts/application (0.4ms)
Completed 200 OK in 36ms (Views: 33.5ms | ActiveRecord: 0.0ms)


Started POST "/api/users" for 127.0.0.1 at 2018-10-05 15:57:34 -0700
Processing by Api::UsersController#create as JSON
Completed 400 Bad Request in 105102ms (ActiveRecord: 0.0ms)



ActionController::ParameterMissing - param is missing or the value is empty: user:
  app/controllers/api/users_controller.rb:25:in `user_params'
  app/controllers/api/users_controller.rb:5:in `create'

Started GET "/" for 127.0.0.1 at 2018-10-05 15:59:23 -0700
Processing by StaticPagesController#root as HTML
  Rendering static_pages/root.html within layouts/application
  Rendered static_pages/root.html within layouts/application (0.3ms)
Completed 200 OK in 206ms (Views: 187.0ms | ActiveRecord: 0.0ms)


Started POST "/api/users" for 127.0.0.1 at 2018-10-05 15:59:26 -0700
Processing by Api::UsersController#create as JSON
Completed 400 Bad Request in 86175ms (ActiveRecord: 0.0ms)



ActionController::ParameterMissing - param is missing or the value is empty: user:
  app/controllers/api/users_controller.rb:25:in `user_params'
  app/controllers/api/users_controller.rb:5:in `create'

Started POST "/api/users" for 127.0.0.1 at 2018-10-05 16:00:55 -0700
Processing by Api::UsersController#create as JSON
Started GET "/" for 127.0.0.1 at 2018-10-05 16:04:43 -0700
  [1m[35m (18.0ms)[0m  [1m[34mSELECT "schema_migrations"."version" FROM "schema_migrations" ORDER BY "schema_migrations"."version" ASC[0m
  ↳ /usr/local/var/rbenv/versions/2.5.0/lib/ruby/gems/2.5.0/gems/activerecord-5.2.1/lib/active_record/log_subscriber.rb:98
Processing by StaticPagesController#root as HTML
  Rendering static_pages/root.html within layouts/application
  Rendered static_pages/root.html within layouts/application (1.3ms)
Completed 200 OK in 2162ms (Views: 2141.0ms | ActiveRecord: 0.0ms)


Started POST "/api/users" for 127.0.0.1 at 2018-10-05 16:04:48 -0700
Processing by Api::UsersController#create as JSON
  Parameters: {"user"=>{"user"=>{"username"=>"user1", "password"=>"[FILTERED]", "email"=>"user1"}}}
Unpermitted parameter: :user
  [1m[35m (0.2ms)[0m  [1m[35mBEGIN[0m
  ↳ app/controllers/api/users_controller.rb:7
  [1m[36mUser Exists (1.9ms)[0m  [1m[34mSELECT  1 AS one FROM "users" WHERE "users"."username" IS NULL LIMIT $1[0m  [["LIMIT", 1]]
  ↳ app/controllers/api/users_controller.rb:7
  [1m[35m (0.3ms)[0m  [1m[31mROLLBACK[0m
  ↳ app/controllers/api/users_controller.rb:7
Completed 422 Unprocessable Entity in 67ms (ActiveRecord: 11.3ms)



ActiveRecord::RecordInvalid - Validation failed: Username can't be blank, Password digest can't be blank, Email can't be blank:
  app/controllers/api/users_controller.rb:7:in `create'

Started POST "/api/users" for 127.0.0.1 at 2018-10-05 16:05:19 -0700
Processing by Api::UsersController#create as JSON
  Parameters: {"user"=>{"user"=>{"username"=>"user1", "password"=>"[FILTERED]", "email"=>"user1"}}}
Unpermitted parameter: :user
  [1m[35m (0.2ms)[0m  [1m[35mBEGIN[0m
  ↳ app/controllers/api/users_controller.rb:7
  [1m[36mUser Exists (0.5ms)[0m  [1m[34mSELECT  1 AS one FROM "users" WHERE "users"."username" IS NULL LIMIT $1[0m  [["LIMIT", 1]]
  ↳ app/controllers/api/users_controller.rb:7
  [1m[35m (0.2ms)[0m  [1m[31mROLLBACK[0m
  ↳ app/controllers/api/users_controller.rb:7
Completed 422 Unprocessable Entity in 104347ms (ActiveRecord: 10.6ms)



ActiveRecord::RecordInvalid - Validation failed: Username can't be blank, Password digest can't be blank, Email can't be blank:
  app/controllers/api/users_controller.rb:7:in `create'

Started POST "/api/users" for 127.0.0.1 at 2018-10-05 16:07:06 -0700
Processing by Api::UsersController#create as JSON
  Parameters: {"user"=>{"username"=>"user1", "password"=>"[FILTERED]", "email"=>"user1"}}
  [1m[35m (0.2ms)[0m  [1m[35mBEGIN[0m
  ↳ app/controllers/api/users_controller.rb:7
  [1m[36mUser Exists (16.3ms)[0m  [1m[34mSELECT  1 AS one FROM "users" WHERE "users"."username" = $1 LIMIT $2[0m  [["username", "user1"], ["LIMIT", 1]]
  ↳ app/controllers/api/users_controller.rb:7
  [1m[36mUser Create (92.5ms)[0m  [1m[32mINSERT INTO "users" ("username", "password_digest", "session_token", "email", "created_at", "updated_at") VALUES ($1, $2, $3, $4, $5, $6) RETURNING "id"[0m  [["username", "user1"], ["password_digest", "$2a$10$NE08sqx64OuqetDwERu9FOpMqEhHy2Dpb/XdhpgZ10YsNkDDI0GDG"], ["session_token", "Kqd_wOX1hvaG3_RRadCILg"], ["email", "user1"], ["created_at", "2018-10-05 23:07:29.921957"], ["updated_at", "2018-10-05 23:07:29.921957"]]
  ↳ app/controllers/api/users_controller.rb:7
  [1m[35m (30.8ms)[0m  [1m[35mCOMMIT[0m
  ↳ app/controllers/api/users_controller.rb:7
Completed 500 Internal Server Error in 23407ms (ActiveRecord: 139.9ms)



NameError - undefined local variable or method `user' for #<Api::UsersController:0x00007fd748eb1aa0>
Did you mean?  @user:
  app/controllers/api/users_controller.rb:8:in `create'

Started GET "/" for 127.0.0.1 at 2018-10-05 16:12:07 -0700
Processing by StaticPagesController#root as HTML
  Rendering static_pages/root.html within layouts/application
  Rendered static_pages/root.html within layouts/application (0.8ms)
Completed 200 OK in 517ms (Views: 503.9ms | ActiveRecord: 0.0ms)


Started POST "/api/users" for 127.0.0.1 at 2018-10-05 16:13:29 -0700
Processing by Api::UsersController#create as JSON
  Parameters: {"user"=>{"username"=>"user1", "password"=>"[FILTERED]", "email"=>"user1"}}
Started POST "/api/users" for 127.0.0.1 at 2018-10-05 16:15:24 -0700
Started GET "/" for 127.0.0.1 at 2018-10-05 16:15:24 -0700
  [1m[35m (3.0ms)[0m  [1m[35mBEGIN[0m
  ↳ app/controllers/api/users_controller.rb:7
  [1m[36mUser Exists (28.9ms)[0m  [1m[34mSELECT  1 AS one FROM "users" WHERE "users"."username" = $1 LIMIT $2[0m  [["username", "user1"], ["LIMIT", 1]]
  ↳ app/controllers/api/users_controller.rb:7
  [1m[35m (0.4ms)[0m  [1m[31mROLLBACK[0m
  ↳ app/controllers/api/users_controller.rb:7
Completed 422 Unprocessable Entity in 114950ms (ActiveRecord: 56.7ms)



ActiveRecord::RecordInvalid - Validation failed: Username has already been taken:
  app/controllers/api/users_controller.rb:7:in `create'

Processing by Api::UsersController#create as JSON
Processing by StaticPagesController#root as HTML
  Parameters: {"user"=>{"username"=>"user1", "password"=>"[FILTERED]", "email"=>"user1"}}
  [1m[35m (2.7ms)[0m  [1m[35mBEGIN[0m
  ↳ app/controllers/api/users_controller.rb:7
  [1m[36mUser Exists (2.5ms)[0m  [1m[34mSELECT  1 AS one FROM "users" WHERE "users"."username" = $1 LIMIT $2[0m  [["username", "user1"], ["LIMIT", 1]]
  ↳ app/controllers/api/users_controller.rb:7
  [1m[35m (0.4ms)[0m  [1m[31mROLLBACK[0m
  ↳ app/controllers/api/users_controller.rb:7
Completed 422 Unprocessable Entity in 3477ms (ActiveRecord: 5.6ms)



ActiveRecord::RecordInvalid - Validation failed: Username has already been taken:
  app/controllers/api/users_controller.rb:7:in `create'

  Rendering static_pages/root.html within layouts/application
  Rendered static_pages/root.html within layouts/application (0.4ms)
Completed 200 OK in 3723ms (Views: 256.3ms | ActiveRecord: 0.0ms)


Started GET "/" for 127.0.0.1 at 2018-10-05 16:16:02 -0700
  [1m[35m (1.1ms)[0m  [1m[34mSELECT "schema_migrations"."version" FROM "schema_migrations" ORDER BY "schema_migrations"."version" ASC[0m
  ↳ /usr/local/var/rbenv/versions/2.5.0/lib/ruby/gems/2.5.0/gems/activerecord-5.2.1/lib/active_record/log_subscriber.rb:98
Processing by StaticPagesController#root as HTML
  Rendering static_pages/root.html within layouts/application
  Rendered static_pages/root.html within layouts/application (1.6ms)
Completed 200 OK in 1387ms (Views: 1376.7ms | ActiveRecord: 0.0ms)


Started POST "/api/users" for 127.0.0.1 at 2018-10-05 16:16:44 -0700
Processing by Api::UsersController#create as JSON
  Parameters: {"user"=>{"username"=>"user1", "password"=>"[FILTERED]", "email"=>"user1"}}
  [1m[35m (0.2ms)[0m  [1m[35mBEGIN[0m
  ↳ app/controllers/api/users_controller.rb:7
  [1m[36mUser Exists (1.4ms)[0m  [1m[34mSELECT  1 AS one FROM "users" WHERE "users"."username" = $1 LIMIT $2[0m  [["username", "user1"], ["LIMIT", 1]]
  ↳ app/controllers/api/users_controller.rb:7
  [1m[35m (0.3ms)[0m  [1m[31mROLLBACK[0m
  ↳ app/controllers/api/users_controller.rb:7
Completed 422 Unprocessable Entity in 134ms (ActiveRecord: 14.6ms)



ActiveRecord::RecordInvalid - Validation failed: Username has already been taken:
  app/controllers/api/users_controller.rb:7:in `create'

Started POST "/api/session" for 127.0.0.1 at 2018-10-05 16:19:58 -0700

SyntaxError - syntax error, unexpected tIVAR, expecting keyword_end
      render :json @user.errors.full_messages
                   ^~~~~
/Users/appacademy/Desktop/W7D5/ConcreteMat/app/controllers/api/sessions_controller.rb:16: syntax error, unexpected tSTRING_BEG, expecting keyword_end
      render :json '{}'
                   ^
/Users/appacademy/Desktop/W7D5/ConcreteMat/app/controllers/api/sessions_controller.rb:18: syntax error, unexpected tSTRING_BEG, expecting keyword_end
      render :json '404 Not Found'
                   ^:
  app/controllers/api/sessions_controller.rb:9:in `'

Started GET "/" for 127.0.0.1 at 2018-10-05 16:20:59 -0700
Processing by StaticPagesController#root as HTML
  Rendering static_pages/root.html within layouts/application
  Rendered static_pages/root.html within layouts/application (0.4ms)
Completed 200 OK in 204ms (Views: 187.5ms | ActiveRecord: 0.0ms)


Started POST "/api/session" for 127.0.0.1 at 2018-10-05 16:21:55 -0700
Processing by Api::SessionsController#create as JSON
  Parameters: {"user"=>{"username"=>"user1", "password"=>"[FILTERED]", "email"=>"user1"}}
Completed 500 Internal Server Error in 30ms (ActiveRecord: 0.0ms)



NoMethodError - undefined method `find_by_credentials' for #<Class:0x00007f96a7f4c9d8>
Did you mean?  find_in_batches:
  app/controllers/api/sessions_controller.rb:4:in `create'

Started GET "/" for 127.0.0.1 at 2018-10-05 16:23:10 -0700
Processing by StaticPagesController#root as HTML
  Rendering static_pages/root.html within layouts/application
  Rendered static_pages/root.html within layouts/application (0.5ms)
Completed 200 OK in 177ms (Views: 166.3ms | ActiveRecord: 0.0ms)


Started GET "/" for 127.0.0.1 at 2018-10-05 16:23:38 -0700
  [1m[35m (1.2ms)[0m  [1m[34mSELECT "schema_migrations"."version" FROM "schema_migrations" ORDER BY "schema_migrations"."version" ASC[0m
  ↳ /usr/local/var/rbenv/versions/2.5.0/lib/ruby/gems/2.5.0/gems/activerecord-5.2.1/lib/active_record/log_subscriber.rb:98
Processing by StaticPagesController#root as HTML
  Rendering static_pages/root.html within layouts/application
  Rendered static_pages/root.html within layouts/application (1.8ms)
Completed 200 OK in 1640ms (Views: 1637.1ms | ActiveRecord: 0.0ms)


Started POST "/api/session" for 127.0.0.1 at 2018-10-05 16:23:44 -0700
Processing by Api::SessionsController#create as JSON
  Parameters: {"user"=>{"username"=>"user1", "password"=>"[FILTERED]", "email"=>"user1"}}
  [1m[36mUser Load (14.1ms)[0m  [1m[34mSELECT  "users".* FROM "users" WHERE "users"."username" = $1 LIMIT $2[0m  [["username", "user1"], ["LIMIT", 1]]
  ↳ app/models/user.rb:21
  [1m[35m (0.3ms)[0m  [1m[35mBEGIN[0m
  ↳ app/models/user.rb:31
  [1m[36mUser Exists (0.6ms)[0m  [1m[34mSELECT  1 AS one FROM "users" WHERE "users"."username" = $1 AND "users"."id" != $2 LIMIT $3[0m  [["username", "user1"], ["id", 2], ["LIMIT", 1]]
  ↳ app/models/user.rb:31
  [1m[36mUser Update (24.5ms)[0m  [1m[33mUPDATE "users" SET "session_token" = $1, "updated_at" = $2 WHERE "users"."id" = $3[0m  [["session_token", "Ec_s2vEcmpLsvBL1Kl0ozg"], ["updated_at", "2018-10-05 23:23:45.218387"], ["id", 2]]
  ↳ app/models/user.rb:31
  [1m[35m (32.1ms)[0m  [1m[35mCOMMIT[0m
  ↳ app/models/user.rb:31
Completed 500 Internal Server Error in 337ms (ActiveRecord: 85.6ms)



ActionView::MissingTemplate - Missing template api/sessions/show, application/show with {:locale=>[:en], :formats=>[:json], :variants=>[], :handlers=>[:raw, :erb, :html, :builder, :ruby, :coffee, :jbuilder]}. Searched in:
  * "/Users/appacademy/Desktop/W7D5/ConcreteMat/app/views"
:
  app/controllers/api/sessions_controller.rb:7:in `create'

Started GET "/" for 127.0.0.1 at 2018-10-05 16:24:44 -0700
Processing by StaticPagesController#root as HTML
  Rendering static_pages/root.html within layouts/application
  Rendered static_pages/root.html within layouts/application (0.5ms)
Completed 200 OK in 562ms (Views: 520.5ms | ActiveRecord: 0.0ms)


Started POST "/api/session" for 127.0.0.1 at 2018-10-05 16:24:51 -0700
Processing by Api::SessionsController#create as JSON
  Parameters: {"user"=>{"username"=>"user1", "password"=>"[FILTERED]", "email"=>"user1"}}
  [1m[36mUser Load (1.7ms)[0m  [1m[34mSELECT  "users".* FROM "users" WHERE "users"."username" = $1 LIMIT $2[0m  [["username", "user1"], ["LIMIT", 1]]
  ↳ app/models/user.rb:21
  [1m[35m (0.2ms)[0m  [1m[35mBEGIN[0m
  ↳ app/models/user.rb:31
  [1m[36mUser Exists (0.7ms)[0m  [1m[34mSELECT  1 AS one FROM "users" WHERE "users"."username" = $1 AND "users"."id" != $2 LIMIT $3[0m  [["username", "user1"], ["id", 2], ["LIMIT", 1]]
  ↳ app/models/user.rb:31
  [1m[36mUser Update (0.9ms)[0m  [1m[33mUPDATE "users" SET "session_token" = $1, "updated_at" = $2 WHERE "users"."id" = $3[0m  [["session_token", "DISgfPLuvwJBhxvqr-aYaQ"], ["updated_at", "2018-10-05 23:24:51.149531"], ["id", 2]]
  ↳ app/models/user.rb:31
  [1m[35m (28.7ms)[0m  [1m[35mCOMMIT[0m
  ↳ app/models/user.rb:31
Completed 500 Internal Server Error in 122ms (ActiveRecord: 32.7ms)



ActionView::MissingTemplate - Missing template api/sessions/show, application/show with {:locale=>[:en], :formats=>[:json], :variants=>[], :handlers=>[:raw, :erb, :html, :builder, :ruby, :coffee, :jbuilder]}. Searched in:
  * "/Users/appacademy/Desktop/W7D5/ConcreteMat/app/views"
:
  app/controllers/api/sessions_controller.rb:7:in `create'

Started GET "/" for 127.0.0.1 at 2018-10-05 16:26:09 -0700
Processing by StaticPagesController#root as HTML
  Rendering static_pages/root.html within layouts/application
  Rendered static_pages/root.html within layouts/application (0.3ms)
Completed 200 OK in 219ms (Views: 215.8ms | ActiveRecord: 0.0ms)


Started POST "/api/session" for 127.0.0.1 at 2018-10-05 16:26:12 -0700
Processing by Api::SessionsController#create as JSON
  Parameters: {"user"=>{"username"=>"user1", "password"=>"[FILTERED]", "email"=>"user1"}}
  [1m[36mUser Load (0.5ms)[0m  [1m[34mSELECT  "users".* FROM "users" WHERE "users"."username" = $1 LIMIT $2[0m  [["username", "user1"], ["LIMIT", 1]]
  ↳ app/models/user.rb:21
  [1m[35m (0.2ms)[0m  [1m[35mBEGIN[0m
  ↳ app/models/user.rb:31
  [1m[36mUser Exists (0.5ms)[0m  [1m[34mSELECT  1 AS one FROM "users" WHERE "users"."username" = $1 AND "users"."id" != $2 LIMIT $3[0m  [["username", "user1"], ["id", 2], ["LIMIT", 1]]
  ↳ app/models/user.rb:31
  [1m[36mUser Update (0.9ms)[0m  [1m[33mUPDATE "users" SET "session_token" = $1, "updated_at" = $2 WHERE "users"."id" = $3[0m  [["session_token", "Ps0BUrZ8e7-jzjfMNMuDWA"], ["updated_at", "2018-10-05 23:26:12.953940"], ["id", 2]]
  ↳ app/models/user.rb:31
  [1m[35m (0.5ms)[0m  [1m[35mCOMMIT[0m
  ↳ app/models/user.rb:31
Completed 500 Internal Server Error in 90ms (ActiveRecord: 2.6ms)



ActionView::MissingTemplate - Missing template api/sessions/show, application/show with {:locale=>[:en], :formats=>[:json], :variants=>[], :handlers=>[:raw, :erb, :html, :builder, :ruby, :coffee, :jbuilder]}. Searched in:
  * "/Users/appacademy/Desktop/W7D5/ConcreteMat/app/views"
:
  app/controllers/api/sessions_controller.rb:7:in `create'

Started GET "/" for 127.0.0.1 at 2018-10-05 16:26:35 -0700
Processing by StaticPagesController#root as HTML
  Rendering static_pages/root.html within layouts/application
  Rendered static_pages/root.html within layouts/application (0.5ms)
Completed 200 OK in 140ms (Views: 121.4ms | ActiveRecord: 0.0ms)


Started POST "/api/session" for 127.0.0.1 at 2018-10-05 16:26:40 -0700
Processing by Api::SessionsController#create as JSON
  Parameters: {"user"=>{"username"=>"user1", "password"=>"[FILTERED]", "email"=>"user1"}}
  [1m[36mUser Load (0.6ms)[0m  [1m[34mSELECT  "users".* FROM "users" WHERE "users"."username" = $1 LIMIT $2[0m  [["username", "user1"], ["LIMIT", 1]]
  ↳ app/models/user.rb:21
  [1m[35m (0.2ms)[0m  [1m[35mBEGIN[0m
  ↳ app/models/user.rb:31
  [1m[36mUser Exists (0.6ms)[0m  [1m[34mSELECT  1 AS one FROM "users" WHERE "users"."username" = $1 AND "users"."id" != $2 LIMIT $3[0m  [["username", "user1"], ["id", 2], ["LIMIT", 1]]
  ↳ app/models/user.rb:31
  [1m[36mUser Update (0.7ms)[0m  [1m[33mUPDATE "users" SET "session_token" = $1, "updated_at" = $2 WHERE "users"."id" = $3[0m  [["session_token", "5B8t5ChJ69sFoPwqj1epjA"], ["updated_at", "2018-10-05 23:26:41.064205"], ["id", 2]]
  ↳ app/models/user.rb:31
  [1m[35m (0.7ms)[0m  [1m[35mCOMMIT[0m
  ↳ app/models/user.rb:31
  Rendering api/sessions/show.json.jbuilder
  Rendered api/sessions/show.json.jbuilder (43.3ms)
Completed 200 OK in 176ms (Views: 94.9ms | ActiveRecord: 2.8ms)


Started DELETE "/api/session" for 127.0.0.1 at 2018-10-05 16:27:42 -0700
Processing by Api::SessionsController#destroy as JSON
  [1m[36mUser Load (0.6ms)[0m  [1m[34mSELECT  "users".* FROM "users" WHERE "users"."session_token" = $1 LIMIT $2[0m  [["session_token", "5B8t5ChJ69sFoPwqj1epjA"], ["LIMIT", 1]]
  ↳ app/controllers/application_controller.rb:22
  [1m[35m (0.2ms)[0m  [1m[35mBEGIN[0m
  ↳ app/models/user.rb:31
  [1m[36mUser Exists (0.5ms)[0m  [1m[34mSELECT  1 AS one FROM "users" WHERE "users"."username" = $1 AND "users"."id" != $2 LIMIT $3[0m  [["username", "user1"], ["id", 2], ["LIMIT", 1]]
  ↳ app/models/user.rb:31
  [1m[36mUser Update (0.6ms)[0m  [1m[33mUPDATE "users" SET "session_token" = $1, "updated_at" = $2 WHERE "users"."id" = $3[0m  [["session_token", "IZRPffz0XrmN4TOnQUSneg"], ["updated_at", "2018-10-05 23:27:42.941852"], ["id", 2]]
  ↳ app/models/user.rb:31
  [1m[35m (0.5ms)[0m  [1m[35mCOMMIT[0m
  ↳ app/models/user.rb:31
Completed 200 OK in 9ms (Views: 0.2ms | ActiveRecord: 2.4ms)


Started GET "/" for 127.0.0.1 at 2018-10-05 16:30:41 -0700
Processing by StaticPagesController#root as HTML
  Rendering static_pages/root.html within layouts/application
  Rendered static_pages/root.html within layouts/application (3.7ms)
Completed 200 OK in 644ms (Views: 625.3ms | ActiveRecord: 0.0ms)


